2025-09-29 18:42:25, MOVE, v:1, k:carro, mode:DOWN
2025-09-29 18:42:42, MOVE, v:1, k:carro, mode:PICK
2025-09-29 19:26:11, MOVE, v:1, k:carro, mode:PICK
2025-09-29 19:26:13, EXEC, v:1, k:carro, mode:FULL, rate:0, size:67
2025-09-29 19:26:23, EXEC, v:1, k:carro, mode:FULL, rate:0, size:67
2025-09-29 19:26:57, EXEC, v:1, k:carro, mode:FULL, rate:0, size:68
2025-09-29 19:27:14, EXEC, v:1, k:carro, mode:FULL, rate:0, size:68
2025-09-29 19:27:23, EXEC, v:1, k:carro, mode:FULL, rate:10, size:68
2025-09-29 19:27:42, EXEC, v:1, k:carro, mode:FULL, rate:40, size:68
2025-09-29 19:28:13, EXEC, v:1, k:carro, mode:FULL, rate:50, size:68
2025-09-29 19:28:53, EXEC, v:1, k:carro, mode:FULL, rate:50, size:70
2025-09-29 19:29:52, EXEC, v:1, k:carro, mode:FULL, rate:0, size:73
2025-09-29 19:30:01, EXEC, v:1, k:carro, mode:FULL, rate:50, size:73
2025-09-29 19:30:51, EXEC, v:1, k:carro, mode:FULL, rate:60, size:76
2025-09-29 19:31:11, EXEC, v:1, k:carro, mode:FULL, rate:70, size:76
2025-09-29 19:31:38, EXEC, v:1, k:carro, mode:FULL, rate:80, size:77
2025-09-29 19:32:00, EXEC, v:1, k:carro, mode:FULL, rate:80, size:77
2025-09-29 19:35:04, EXEC, v:1, k:carro, mode:FULL, rate:80, size:77
2025-09-29 19:35:23, EXEC, v:1, k:carro, mode:FULL, rate:80, size:77
2025-09-29 19:37:20, EXEC, v:1, k:carro, mode:FULL, rate:80, size:78
2025-09-29 19:37:37, EXEC, v:1, k:carro, mode:FULL, rate:80, size:78
2025-09-29 19:38:36, EXEC, v:1, k:carro, mode:FULL, rate:80
2025-09-29 19:50:34, MOVE, v:1, k:carro, mode:PICK
2025-09-29 19:50:36, EXEC, v:1, k:carro, mode:FULL, rate:80, size:77
2025-09-29 19:52:01, EXEC, v:1, k:carro, mode:FULL, rate:80, size:80
2025-09-29 19:52:36, EXEC, v:1, k:carro, mode:FULL, rate:100, size:81
2025-09-29 19:52:41, EXEC, v:1, k:carro, mode:FULL, rate:100
2025-09-29 19:52:45, MOVE, v:1, k:carro, mode:BACK
2025-09-29 19:53:22, SELF, v:1, k:carro, rate:100, other:google, alone:10, study:60
2025-09-29 19:53:36, SELF, v:1, k:carro, rate:100, other:google, alone:10, study:70
