2025-09-16 19:24:36, SELF, v:1, k:relatorios
2025-09-16 19:35:23, MOVE, v:1, k:git_pratica, mode:DOWN
2025-09-16 19:35:25, MOVE, v:1, k:git_pratica, mode:PICK
2025-09-16 19:35:26, EXEC, v:1, k:git_pratica, mode:FULL, rate:0, size:0
2025-09-16 19:35:27, EXEC, v:1, k:git_pratica, mode:FULL, rate:0
2025-09-16 19:35:28, EXEC, v:1, k:git_pratica, mode:FULL, rate:0
2025-09-16 19:35:31, MOVE, v:1, k:git_pratica, mode:BACK
2025-09-16 19:35:41, MOVE, v:1, k:git_pratica, mode:PICK
2025-09-16 19:35:48, EXEC, v:1, k:git_pratica, mode:FULL, rate:0
2025-09-16 19:35:49, EXEC, v:1, k:git_pratica, mode:FULL, rate:0
2025-09-16 19:35:49, EXEC, v:1, k:git_pratica, mode:FULL, rate:0
2025-09-16 19:35:49, EXEC, v:1, k:git_pratica, mode:FULL, rate:0
2025-09-16 19:35:50, EXEC, v:1, k:git_pratica, mode:FULL, rate:0
2025-09-16 19:35:54, EXEC, v:1, k:git_pratica, mode:FULL, rate:0
2025-09-16 19:35:54, EXEC, v:1, k:git_pratica, mode:FULL, rate:0
2025-09-16 19:35:55, EXEC, v:1, k:git_pratica, mode:FULL, rate:0
2025-09-16 19:35:55, EXEC, v:1, k:git_pratica, mode:FULL, rate:0
2025-09-16 19:35:56, EXEC, v:1, k:git_pratica, mode:FULL, rate:0
2025-09-16 19:36:09, EXEC, v:1, k:git_pratica, mode:FULL, rate:0
2025-09-16 19:36:10, MOVE, v:1, k:git_pratica, mode:BACK
2025-09-16 19:37:48, SELF, v:1, k:git_pratica, rate:100, alone:10
2025-09-16 19:37:55, MOVE, v:1, k:toalha, mode:DOWN
2025-09-16 19:43:55, SELF, v:1, k:toalha, rate:100, other:_, alone:8, study:2
2025-09-16 19:44:39, SELF, v:1, k:toalha, rate:100, other:google, alone:8, study:2
2025-09-16 19:44:55, SELF, v:1, k:toalha, rate:100, other:google, alone:9, study:2
2025-09-16 19:46:00, SELF, v:1, k:toalha, rate:100, other:google, alone:6, study:2
2025-09-16 19:46:22, MOVE, v:1, k:toalha, mode:PICK
2025-09-16 19:46:25, MOVE, v:1, k:toalha, mode:BACK
2025-09-16 19:46:31, MOVE, v:1, k:toalha, mode:PICK
2025-09-16 19:46:33, MOVE, v:1, k:toalha, mode:BACK
2025-09-16 19:50:21, SELF, v:1, k:toalha, rate:100, guide:sena, other:google, alone:6, study:2
2025-09-16 19:52:50, SELF, v:1, k:toalha, rate:100, guide:sena_e_readme, other:google, alone:6, study:2
2025-09-16 19:53:19, SELF, v:1, k:toalha, rate:100, guide:sena_e_readme, other:google, alone:8, study:2
2025-09-16 19:53:28, SELF, v:1, k:toalha, rate:100, guide:sena_e_readme, other:google, alone:9, study:15
